User belongs to experiment group 'pythonJoinMailingListVar2'
User belongs to experiment group 'pythonJediLSP'
User belongs to experiment group 'jupyterTestcf'
User belongs to experiment group 'pythonDiscoveryModuleWithoutWatcher'
User belongs to experiment group 'pythonFindInterpretercf'
User belongs to experiment group 'pythonSurveyNotification'
User belongs to experiment group 'jupyterEnhancedDataViewer'
Info 2021-05-13 00:16:08: ZMQ install verified.
Info 2021-05-13 00:16:08: id is 6ce484bf-f610-4c50-ad99-b9fa245f40f9
Info 2021-05-13 00:16:08: Found existing keyfile at /home/phil/.config/Code/User/globalStorage/ms-toolsai.jupyter/nbsecret
Info 2021-05-13 00:16:09: Search all interpreters /bin/python, /sbin/python, /usr/bin/python, /usr/sbin/python
Info 2021-05-13 00:16:09: Cached data exists getEnvironmentVariables, <No Resource>
Info 2021-05-13 00:16:09: Cached data exists getEnvironmentVariables, <No Resource>
Info 2021-05-13 00:16:09: Cached data exists getEnvironmentVariables, <No Resource>
Info 2021-05-13 00:16:09: Process Execution: > /usr/bin/python ~/.vscode/extensions/ms-toolsai.jupyter-2021.6.832593372/pythonFiles/pyvsc-run-isolated.py pip list
> /usr/bin/python ~/.vscode/extensions/ms-toolsai.jupyter-2021.6.832593372/pythonFiles/pyvsc-run-isolated.py pip list
Info 2021-05-13 00:16:09: Process Execution: > /usr/bin/python ~/.vscode/extensions/ms-toolsai.jupyter-2021.6.832593372/pythonFiles/pyvsc-run-isolated.py pip list
> /usr/bin/python ~/.vscode/extensions/ms-toolsai.jupyter-2021.6.832593372/pythonFiles/pyvsc-run-isolated.py pip list
Info 2021-05-13 00:16:09: Process Execution: > /usr/bin/python ~/.vscode/extensions/ms-toolsai.jupyter-2021.6.832593372/pythonFiles/pyvsc-run-isolated.py -c "import jupyter"
> /usr/bin/python ~/.vscode/extensions/ms-toolsai.jupyter-2021.6.832593372/pythonFiles/pyvsc-run-isolated.py -c "import jupyter"
Info 2021-05-13 00:16:09: Process Execution: > /usr/bin/python ~/.vscode/extensions/ms-toolsai.jupyter-2021.6.832593372/pythonFiles/pyvsc-run-isolated.py -c "import jupyter"
> /usr/bin/python ~/.vscode/extensions/ms-toolsai.jupyter-2021.6.832593372/pythonFiles/pyvsc-run-isolated.py -c "import jupyter"
Info 2021-05-13 00:16:09: Process Execution: > /usr/bin/python ~/.vscode/extensions/ms-toolsai.jupyter-2021.6.832593372/pythonFiles/pyvsc-run-isolated.py -c "import notebook"
> /usr/bin/python ~/.vscode/extensions/ms-toolsai.jupyter-2021.6.832593372/pythonFiles/pyvsc-run-isolated.py -c "import notebook"
Info 2021-05-13 00:16:09: Process Execution: > /usr/bin/python ~/.vscode/extensions/ms-toolsai.jupyter-2021.6.832593372/pythonFiles/pyvsc-run-isolated.py -c "import notebook"
> /usr/bin/python ~/.vscode/extensions/ms-toolsai.jupyter-2021.6.832593372/pythonFiles/pyvsc-run-isolated.py -c "import notebook"
Info 2021-05-13 01:18:59: Shutting down notebooks for e776cdcb-dd12-4c88-96ba-7ff2a8f7cac9
Info 2021-05-13 01:18:59: Disposing HostJupyterExecution ce925e99-41db-4cc7-8fcd-69e58a797872
Info 2021-05-13 01:18:59: Disposing super HostJupyterExecution ce925e99-41db-4cc7-8fcd-69e58a797872
Info 2021-05-13 01:18:59: Disposing HostJupyterExecution ce925e99-41db-4cc7-8fcd-69e58a797872
Info 2021-05-13 01:18:59: Finished disposing HostJupyterExecution  ce925e99-41db-4cc7-8fcd-69e58a797872
Info 2021-05-13 01:18:59: Disposing HostJupyterExecution ce925e99-41db-4cc7-8fcd-69e58a797872
Info 2021-05-13 01:18:59: Finished disposing HostJupyterExecution  ce925e99-41db-4cc7-8fcd-69e58a797872
Info 2021-05-13 01:18:59: Getting live share API during dispose HostJupyterExecution ce925e99-41db-4cc7-8fcd-69e58a797872
Info 2021-05-13 01:18:59: Detaching HostJupyterExecution ce925e99-41db-4cc7-8fcd-69e58a797872
Info 2021-05-13 01:18:59: Cleaning up server cache ce925e99-41db-4cc7-8fcd-69e58a797872
Info 2021-05-13 01:18:59: Finished disposing HostJupyterExecution  ce925e99-41db-4cc7-8fcd-69e58a797872
