User belongs to experiment group 'pythonJoinMailingListVar2'
User belongs to experiment group 'pythonJediLSP'
User belongs to experiment group 'jupyterTestcf'
User belongs to experiment group 'pythonDiscoveryModuleWithoutWatcher'
User belongs to experiment group 'pythonFindInterpretercf'
User belongs to experiment group 'pythonSurveyNotification'
User belongs to experiment group 'jupyterEnhancedDataViewer'
Info 2021-05-12 08:05:10: ZMQ install verified.
Info 2021-05-12 08:05:10: id is 5e6bc77e-c55a-4286-9c08-9587c779b170
Info 2021-05-12 08:05:11: Found existing keyfile at /home/phil/.config/Code/User/globalStorage/ms-toolsai.jupyter/nbsecret
Info 2021-05-12 08:05:11: Search all interpreters /bin/python, /sbin/python, /usr/bin/python, /usr/sbin/python
Info 2021-05-12 08:05:11: Cached data exists getEnvironmentVariables, <No Resource>
Info 2021-05-12 08:05:11: Cached data exists getEnvironmentVariables, <No Resource>
Info 2021-05-12 08:05:11: Cached data exists getEnvironmentVariables, <No Resource>
Info 2021-05-12 08:05:11: Process Execution: > /usr/bin/python ~/.vscode/extensions/ms-toolsai.jupyter-2021.6.811652604/pythonFiles/pyvsc-run-isolated.py pip list
> /usr/bin/python ~/.vscode/extensions/ms-toolsai.jupyter-2021.6.811652604/pythonFiles/pyvsc-run-isolated.py pip list
Info 2021-05-12 08:05:11: Process Execution: > /usr/bin/python ~/.vscode/extensions/ms-toolsai.jupyter-2021.6.811652604/pythonFiles/pyvsc-run-isolated.py pip list
> /usr/bin/python ~/.vscode/extensions/ms-toolsai.jupyter-2021.6.811652604/pythonFiles/pyvsc-run-isolated.py pip list
Info 2021-05-12 08:05:11: Process Execution: > /usr/bin/python ~/.vscode/extensions/ms-toolsai.jupyter-2021.6.811652604/pythonFiles/pyvsc-run-isolated.py -c "import jupyter"
> /usr/bin/python ~/.vscode/extensions/ms-toolsai.jupyter-2021.6.811652604/pythonFiles/pyvsc-run-isolated.py -c "import jupyter"
Info 2021-05-12 08:05:11: Process Execution: > /usr/bin/python ~/.vscode/extensions/ms-toolsai.jupyter-2021.6.811652604/pythonFiles/pyvsc-run-isolated.py -c "import jupyter"
> /usr/bin/python ~/.vscode/extensions/ms-toolsai.jupyter-2021.6.811652604/pythonFiles/pyvsc-run-isolated.py -c "import jupyter"
Info 2021-05-12 08:05:11: Process Execution: > /usr/bin/python ~/.vscode/extensions/ms-toolsai.jupyter-2021.6.811652604/pythonFiles/pyvsc-run-isolated.py -c "import notebook"
> /usr/bin/python ~/.vscode/extensions/ms-toolsai.jupyter-2021.6.811652604/pythonFiles/pyvsc-run-isolated.py -c "import notebook"
Info 2021-05-12 08:05:11: Process Execution: > /usr/bin/python ~/.vscode/extensions/ms-toolsai.jupyter-2021.6.811652604/pythonFiles/pyvsc-run-isolated.py -c "import notebook"
> /usr/bin/python ~/.vscode/extensions/ms-toolsai.jupyter-2021.6.811652604/pythonFiles/pyvsc-run-isolated.py -c "import notebook"
Info 2021-05-13 00:15:09: Shutting down notebooks for 75c7160a-9dce-4d0c-93b3-549e3ea87ed6
Info 2021-05-13 00:15:09: Disposing HostJupyterExecution 82339328-29cc-4bc8-b0d5-ab2fc84ad393
Info 2021-05-13 00:15:09: Disposing super HostJupyterExecution 82339328-29cc-4bc8-b0d5-ab2fc84ad393
Info 2021-05-13 00:15:09: Disposing HostJupyterExecution 82339328-29cc-4bc8-b0d5-ab2fc84ad393
Info 2021-05-13 00:15:09: Finished disposing HostJupyterExecution  82339328-29cc-4bc8-b0d5-ab2fc84ad393
Info 2021-05-13 00:15:09: Disposing HostJupyterExecution 82339328-29cc-4bc8-b0d5-ab2fc84ad393
Info 2021-05-13 00:15:09: Finished disposing HostJupyterExecution  82339328-29cc-4bc8-b0d5-ab2fc84ad393
Info 2021-05-13 00:15:09: Getting live share API during dispose HostJupyterExecution 82339328-29cc-4bc8-b0d5-ab2fc84ad393
Info 2021-05-13 00:15:09: Detaching HostJupyterExecution 82339328-29cc-4bc8-b0d5-ab2fc84ad393
Info 2021-05-13 00:15:09: Cleaning up server cache 82339328-29cc-4bc8-b0d5-ab2fc84ad393
Info 2021-05-13 00:15:09: Finished disposing HostJupyterExecution  82339328-29cc-4bc8-b0d5-ab2fc84ad393
