[2021-05-13 00:16:07.293] [exthost] [info] extension host started
[2021-05-13 00:16:07.407] [exthost] [info] ExtensionService#_doActivateExtension vscode.microsoft-authentication {"startup":false,"extensionId":{"value":"vscode.microsoft-authentication","_lower":"vscode.microsoft-authentication"},"activationEvent":"onAuthenticationRequest:microsoft"}
[2021-05-13 00:16:07.407] [exthost] [info] ExtensionService#loadCommonJSModule file:///opt/visual-studio-code/resources/app/extensions/microsoft-authentication/dist/extension.js
[2021-05-13 00:16:07.421] [exthost] [info] ExtensionService#_doActivateExtension KevinRose.vsc-python-indent {"startup":false,"extensionId":{"value":"KevinRose.vsc-python-indent","_lower":"kevinrose.vsc-python-indent"},"activationEvent":"onLanguage:python"}
[2021-05-13 00:16:07.421] [exthost] [info] ExtensionService#loadCommonJSModule file:///home/phil/.vscode/extensions/kevinrose.vsc-python-indent-1.14.2/out/extension.js
[2021-05-13 00:16:07.426] [exthost] [info] ExtensionService#_doActivateExtension ms-toolsai.jupyter {"startup":false,"extensionId":{"value":"ms-toolsai.jupyter","_lower":"ms-toolsai.jupyter"},"activationEvent":"onLanguage:python"}
[2021-05-13 00:16:07.426] [exthost] [info] ExtensionService#loadCommonJSModule file:///home/phil/.vscode/extensions/ms-toolsai.jupyter-2021.6.832593372/out/client/extension
[2021-05-13 00:16:07.732] [exthost] [info] ExtensionService#_doActivateExtension tht13.python {"startup":false,"extensionId":{"value":"tht13.python","_lower":"tht13.python"},"activationEvent":"onLanguage:python"}
[2021-05-13 00:16:07.732] [exthost] [info] ExtensionService#loadCommonJSModule file:///home/phil/.vscode/extensions/tht13.python-0.2.3/out/client/src/pythonMain
[2021-05-13 00:16:07.746] [exthost] [info] ExtensionService#_doActivateExtension vscode.debug-auto-launch {"startup":true,"extensionId":{"value":"vscode.debug-auto-launch","_lower":"vscode.debug-auto-launch"},"activationEvent":"*"}
[2021-05-13 00:16:07.746] [exthost] [info] ExtensionService#loadCommonJSModule file:///opt/visual-studio-code/resources/app/extensions/debug-auto-launch/dist/extension
[2021-05-13 00:16:07.748] [exthost] [info] ExtensionService#_doActivateExtension vscode.git {"startup":true,"extensionId":{"value":"vscode.github","_lower":"vscode.github"},"activationEvent":"*"}
[2021-05-13 00:16:07.748] [exthost] [info] ExtensionService#loadCommonJSModule file:///opt/visual-studio-code/resources/app/extensions/git/dist/main
[2021-05-13 00:16:07.765] [exthost] [info] ExtensionService#_doActivateExtension cmschuetz12.wal {"startup":true,"extensionId":{"value":"cmschuetz12.wal","_lower":"cmschuetz12.wal"},"activationEvent":"*"}
[2021-05-13 00:16:07.765] [exthost] [info] ExtensionService#loadCommonJSModule file:///home/phil/.vscode/extensions/cmschuetz12.wal-0.1.0/out/extension
[2021-05-13 00:16:07.784] [exthost] [info] ExtensionService#_doActivateExtension dlasagno.wal-theme {"startup":true,"extensionId":{"value":"dlasagno.wal-theme","_lower":"dlasagno.wal-theme"},"activationEvent":"*"}
[2021-05-13 00:16:07.785] [exthost] [info] ExtensionService#loadCommonJSModule file:///home/phil/.vscode/extensions/dlasagno.wal-theme-1.0.4/out/extension.js
[2021-05-13 00:16:07.791] [exthost] [info] ExtensionService#_doActivateExtension TabNine.tabnine-vscode {"startup":true,"extensionId":{"value":"TabNine.tabnine-vscode","_lower":"tabnine.tabnine-vscode"},"activationEvent":"*"}
[2021-05-13 00:16:07.791] [exthost] [info] ExtensionService#loadCommonJSModule file:///home/phil/.vscode/extensions/tabnine.tabnine-vscode-3.4.4/out/extension
[2021-05-13 00:16:08.199] [exthost] [info] ExtensionService#_doActivateExtension vscode.configuration-editing {"startup":false,"extensionId":{"value":"vscode.configuration-editing","_lower":"vscode.configuration-editing"},"activationEvent":"onLanguage:jsonc"}
[2021-05-13 00:16:08.199] [exthost] [info] ExtensionService#loadCommonJSModule file:///opt/visual-studio-code/resources/app/extensions/configuration-editing/dist/configurationEditingMain
[2021-05-13 00:16:08.207] [exthost] [info] ExtensionService#_doActivateExtension vscode.json-language-features {"startup":false,"extensionId":{"value":"vscode.json-language-features","_lower":"vscode.json-language-features"},"activationEvent":"onLanguage:jsonc"}
[2021-05-13 00:16:08.207] [exthost] [info] ExtensionService#loadCommonJSModule file:///opt/visual-studio-code/resources/app/extensions/json-language-features/client/dist/node/jsonClientMain
[2021-05-13 00:16:08.237] [exthost] [info] ExtensionService#_doActivateExtension vscode.typescript-language-features {"startup":false,"extensionId":{"value":"vscode.typescript-language-features","_lower":"vscode.typescript-language-features"},"activationEvent":"onLanguage:jsonc"}
[2021-05-13 00:16:08.237] [exthost] [info] ExtensionService#loadCommonJSModule file:///opt/visual-studio-code/resources/app/extensions/typescript-language-features/dist/extension
[2021-05-13 00:16:08.552] [exthost] [info] ExtensionService#_doActivateExtension ms-vscode.js-debug {"startup":false,"extensionId":{"value":"ms-vscode.js-debug","_lower":"ms-vscode.js-debug"},"activationEvent":"onCommand:extension.js-debug.clearAutoAttachVariables"}
[2021-05-13 00:16:08.552] [exthost] [info] ExtensionService#loadCommonJSModule file:///opt/visual-studio-code/resources/app/extensions/ms-vscode.js-debug/src/extension.js
[2021-05-13 00:16:08.745] [exthost] [info] ExtensionService#_doActivateExtension vscode.github {"startup":false,"extensionId":{"value":"vscode.github","_lower":"vscode.github"},"activationEvent":"*"}
[2021-05-13 00:16:08.745] [exthost] [info] ExtensionService#loadCommonJSModule file:///opt/visual-studio-code/resources/app/extensions/github/dist/extension.js
[2021-05-13 00:16:08.752] [exthost] [info] ExtensionService#_doActivateExtension ms-python.python {"startup":false,"extensionId":{"value":"ms-python.vscode-pylance","_lower":"ms-python.vscode-pylance"},"activationEvent":"onLanguage:python"}
[2021-05-13 00:16:08.752] [exthost] [info] ExtensionService#loadCommonJSModule file:///home/phil/.vscode/extensions/ms-python.python-2021.5.829140558/out/client/extension
[2021-05-13 00:16:09.025] [exthost] [info] ExtensionService#_doActivateExtension vscode.github-authentication {"startup":false,"extensionId":{"value":"vscode.github-authentication","_lower":"vscode.github-authentication"},"activationEvent":"onAuthenticationRequest:github"}
[2021-05-13 00:16:09.025] [exthost] [info] ExtensionService#loadCommonJSModule file:///opt/visual-studio-code/resources/app/extensions/github-authentication/dist/extension.js
[2021-05-13 00:16:09.118] [exthost] [info] eager extensions activated
[2021-05-13 00:16:09.121] [exthost] [info] ExtensionService#_doActivateExtension vscode.emmet {"startup":false,"extensionId":{"value":"vscode.emmet","_lower":"vscode.emmet"},"activationEvent":"onStartupFinished"}
[2021-05-13 00:16:09.121] [exthost] [info] ExtensionService#loadCommonJSModule file:///opt/visual-studio-code/resources/app/extensions/emmet/dist/node/emmetNodeMain
[2021-05-13 00:16:09.126] [exthost] [info] ExtensionService#_doActivateExtension vscode.merge-conflict {"startup":false,"extensionId":{"value":"vscode.merge-conflict","_lower":"vscode.merge-conflict"},"activationEvent":"onStartupFinished"}
[2021-05-13 00:16:09.126] [exthost] [info] ExtensionService#loadCommonJSModule file:///opt/visual-studio-code/resources/app/extensions/merge-conflict/dist/mergeConflictMain
[2021-05-13 00:16:09.127] [exthost] [info] ExtensionService#_doActivateExtension vscode.testing-editor-contributions {"startup":false,"extensionId":{"value":"vscode.testing-editor-contributions","_lower":"vscode.testing-editor-contributions"},"activationEvent":"onStartupFinished"}
[2021-05-13 00:16:09.127] [exthost] [info] ExtensionService#loadCommonJSModule file:///opt/visual-studio-code/resources/app/extensions/testing-editor-contributions/dist/extension.js
[2021-05-13 00:16:09.679] [exthost] [info] ExtensionService#_doActivateExtension ms-python.vscode-pylance {"startup":false,"extensionId":{"value":"ms-python.vscode-pylance","_lower":"ms-python.vscode-pylance"},"activationEvent":"onLanguage:python"}
[2021-05-13 00:16:09.679] [exthost] [info] ExtensionService#loadCommonJSModule file:///home/phil/.vscode/extensions/ms-python.vscode-pylance-2021.5.1/dist/extension.bundle.js
[2021-05-13 00:23:41.882] [exthost] [error] [ms-python.python] provider FAILED
[2021-05-13 00:23:41.882] [exthost] [error] Canceled: Canceled
	at E.makeCancelError (/home/phil/.vscode/extensions/ms-python.python-2021.5.829140558/out/client/extension.js:9:183478)
	at E.handleFailedRequest (/home/phil/.vscode/extensions/ms-python.python-2021.5.829140558/out/client/extension.js:9:183329)
	at /home/phil/.vscode/extensions/ms-python.python-2021.5.829140558/out/client/extension.js:9:148317
[2021-05-13 01:18:59.835] [exthost] [info] extension host terminating: parent process 312023 does not exist anymore: kill ESRCH (code: ESRCH) (errno: -3)
[2021-05-13 01:19:00.865] [exthost] [info] exiting with code 0
