[2021-05-11 17:34:44.444] [sharedprocess] [info] Starting to clean up unused language packs.
[2021-05-11 22:02:21.416] [sharedprocess] [info] Installing extension: arcticicestudio.nord-visual-studio-code
[2021-05-11 22:02:21.781] [sharedprocess] [info] Downloaded extension: arcticicestudio.nord-visual-studio-code /home/phil/.config/Code/CachedExtensionVSIXs/arcticicestudio.nord-visual-studio-code-0.15.1
[2021-05-11 22:02:21.856] [sharedprocess] [info] Extracted extension to /home/phil/.vscode/extensions/.28539b98-b309-4331-bbe3-ad1a46359a7b: arcticicestudio.nord-visual-studio-code
[2021-05-11 22:02:21.887] [sharedprocess] [info] Renamed to /home/phil/.vscode/extensions/arcticicestudio.nord-visual-studio-code-0.15.1
[2021-05-11 22:02:21.900] [sharedprocess] [info] Installation completed. arcticicestudio.nord-visual-studio-code
[2021-05-11 22:02:21.928] [sharedprocess] [info] Extensions installed successfully: arcticicestudio.nord-visual-studio-code
[2021-05-11 22:02:24.878] [sharedprocess] [info] Installing extension: dnlytras.nord-wave
[2021-05-11 22:02:25.246] [sharedprocess] [info] Downloaded extension: dnlytras.nord-wave /home/phil/.config/Code/CachedExtensionVSIXs/dnlytras.nord-wave-0.3.4
[2021-05-11 22:02:25.277] [sharedprocess] [info] Extracted extension to /home/phil/.vscode/extensions/.4a808edb-8f55-4b44-a7c0-708c74acc9e9: dnlytras.nord-wave
[2021-05-11 22:02:25.311] [sharedprocess] [info] Renamed to /home/phil/.vscode/extensions/dnlytras.nord-wave-0.3.4
[2021-05-11 22:02:25.320] [sharedprocess] [info] Installation completed. dnlytras.nord-wave
[2021-05-11 22:02:25.348] [sharedprocess] [info] Extensions installed successfully: dnlytras.nord-wave
[2021-05-11 22:02:32.058] [sharedprocess] [info] Installing extension: luisgalicia.mariana-nord
[2021-05-11 22:02:32.585] [sharedprocess] [info] Downloaded extension: luisgalicia.mariana-nord /home/phil/.config/Code/CachedExtensionVSIXs/luisgalicia.mariana-nord-0.0.1
[2021-05-11 22:02:32.599] [sharedprocess] [info] Extracted extension to /home/phil/.vscode/extensions/.7b102506-97ca-4764-a228-30b09be478e7: luisgalicia.mariana-nord
[2021-05-11 22:02:32.621] [sharedprocess] [info] Renamed to /home/phil/.vscode/extensions/luisgalicia.mariana-nord-0.0.1
[2021-05-11 22:02:32.625] [sharedprocess] [info] Installation completed. luisgalicia.mariana-nord
[2021-05-11 22:02:32.649] [sharedprocess] [info] Extensions installed successfully: luisgalicia.mariana-nord
[2021-05-11 22:03:03.975] [sharedprocess] [info] Installing extension: miguelsolorio.fluent-icons
[2021-05-11 22:03:04.368] [sharedprocess] [info] Downloaded extension: miguelsolorio.fluent-icons /home/phil/.config/Code/CachedExtensionVSIXs/miguelsolorio.fluent-icons-0.0.9
[2021-05-11 22:03:04.649] [sharedprocess] [info] Extracted extension to /home/phil/.vscode/extensions/.7fa2c6ef-232b-4e16-8730-4b32ac2598ba: miguelsolorio.fluent-icons
[2021-05-11 22:03:04.676] [sharedprocess] [info] Renamed to /home/phil/.vscode/extensions/miguelsolorio.fluent-icons-0.0.9
[2021-05-11 22:03:04.680] [sharedprocess] [info] Installation completed. miguelsolorio.fluent-icons
[2021-05-11 22:03:04.709] [sharedprocess] [info] Extensions installed successfully: miguelsolorio.fluent-icons
