[2021-05-12 08:05:09.857] [exthost] [info] extension host started
[2021-05-12 08:05:09.990] [exthost] [info] ExtensionService#_doActivateExtension vscode.microsoft-authentication {"startup":false,"extensionId":{"value":"vscode.microsoft-authentication","_lower":"vscode.microsoft-authentication"},"activationEvent":"onAuthenticationRequest:microsoft"}
[2021-05-12 08:05:09.991] [exthost] [info] ExtensionService#loadCommonJSModule file:///opt/visual-studio-code/resources/app/extensions/microsoft-authentication/dist/extension.js
[2021-05-12 08:05:10.006] [exthost] [info] ExtensionService#_doActivateExtension KevinRose.vsc-python-indent {"startup":false,"extensionId":{"value":"KevinRose.vsc-python-indent","_lower":"kevinrose.vsc-python-indent"},"activationEvent":"onLanguage:python"}
[2021-05-12 08:05:10.006] [exthost] [info] ExtensionService#loadCommonJSModule file:///home/phil/.vscode/extensions/kevinrose.vsc-python-indent-1.14.2/out/extension.js
[2021-05-12 08:05:10.036] [exthost] [info] ExtensionService#_doActivateExtension ms-toolsai.jupyter {"startup":false,"extensionId":{"value":"ms-toolsai.jupyter","_lower":"ms-toolsai.jupyter"},"activationEvent":"onLanguage:python"}
[2021-05-12 08:05:10.036] [exthost] [info] ExtensionService#loadCommonJSModule file:///home/phil/.vscode/extensions/ms-toolsai.jupyter-2021.6.811652604/out/client/extension
[2021-05-12 08:05:10.176] [exthost] [info] ExtensionService#_doActivateExtension tht13.python {"startup":false,"extensionId":{"value":"tht13.python","_lower":"tht13.python"},"activationEvent":"onLanguage:python"}
[2021-05-12 08:05:10.176] [exthost] [info] ExtensionService#loadCommonJSModule file:///home/phil/.vscode/extensions/tht13.python-0.2.3/out/client/src/pythonMain
[2021-05-12 08:05:10.271] [exthost] [info] ExtensionService#_doActivateExtension vscode.debug-auto-launch {"startup":true,"extensionId":{"value":"vscode.debug-auto-launch","_lower":"vscode.debug-auto-launch"},"activationEvent":"*"}
[2021-05-12 08:05:10.271] [exthost] [info] ExtensionService#loadCommonJSModule file:///opt/visual-studio-code/resources/app/extensions/debug-auto-launch/dist/extension
[2021-05-12 08:05:10.275] [exthost] [info] ExtensionService#_doActivateExtension vscode.git {"startup":true,"extensionId":{"value":"vscode.github","_lower":"vscode.github"},"activationEvent":"*"}
[2021-05-12 08:05:10.275] [exthost] [info] ExtensionService#loadCommonJSModule file:///opt/visual-studio-code/resources/app/extensions/git/dist/main
[2021-05-12 08:05:10.298] [exthost] [info] ExtensionService#_doActivateExtension TabNine.tabnine-vscode {"startup":true,"extensionId":{"value":"TabNine.tabnine-vscode","_lower":"tabnine.tabnine-vscode"},"activationEvent":"*"}
[2021-05-12 08:05:10.298] [exthost] [info] ExtensionService#loadCommonJSModule file:///home/phil/.vscode/extensions/tabnine.tabnine-vscode-3.4.4/out/extension
[2021-05-12 08:05:10.716] [exthost] [info] ExtensionService#_doActivateExtension vscode.configuration-editing {"startup":false,"extensionId":{"value":"vscode.configuration-editing","_lower":"vscode.configuration-editing"},"activationEvent":"onLanguage:jsonc"}
[2021-05-12 08:05:10.719] [exthost] [info] ExtensionService#loadCommonJSModule file:///opt/visual-studio-code/resources/app/extensions/configuration-editing/dist/configurationEditingMain
[2021-05-12 08:05:10.724] [exthost] [info] ExtensionService#_doActivateExtension vscode.json-language-features {"startup":false,"extensionId":{"value":"vscode.json-language-features","_lower":"vscode.json-language-features"},"activationEvent":"onLanguage:jsonc"}
[2021-05-12 08:05:10.724] [exthost] [info] ExtensionService#loadCommonJSModule file:///opt/visual-studio-code/resources/app/extensions/json-language-features/client/dist/node/jsonClientMain
[2021-05-12 08:05:10.745] [exthost] [info] ExtensionService#_doActivateExtension vscode.typescript-language-features {"startup":false,"extensionId":{"value":"vscode.typescript-language-features","_lower":"vscode.typescript-language-features"},"activationEvent":"onLanguage:jsonc"}
[2021-05-12 08:05:10.745] [exthost] [info] ExtensionService#loadCommonJSModule file:///opt/visual-studio-code/resources/app/extensions/typescript-language-features/dist/extension
[2021-05-12 08:05:10.758] [exthost] [info] ExtensionService#_doActivateExtension vscode.github {"startup":true,"extensionId":{"value":"vscode.github","_lower":"vscode.github"},"activationEvent":"*"}
[2021-05-12 08:05:10.758] [exthost] [info] ExtensionService#loadCommonJSModule file:///opt/visual-studio-code/resources/app/extensions/github/dist/extension.js
[2021-05-12 08:05:10.832] [exthost] [info] ExtensionService#_doActivateExtension ms-python.python {"startup":false,"extensionId":{"value":"ms-python.vscode-pylance","_lower":"ms-python.vscode-pylance"},"activationEvent":"onLanguage:python"}
[2021-05-12 08:05:10.832] [exthost] [info] ExtensionService#loadCommonJSModule file:///home/phil/.vscode/extensions/ms-python.python-2021.5.829140558/out/client/extension
[2021-05-12 08:05:10.967] [exthost] [info] eager extensions activated
[2021-05-12 08:05:11.071] [exthost] [info] ExtensionService#_doActivateExtension ms-vscode.js-debug {"startup":false,"extensionId":{"value":"ms-vscode.js-debug","_lower":"ms-vscode.js-debug"},"activationEvent":"onCommand:extension.js-debug.clearAutoAttachVariables"}
[2021-05-12 08:05:11.071] [exthost] [info] ExtensionService#loadCommonJSModule file:///opt/visual-studio-code/resources/app/extensions/ms-vscode.js-debug/src/extension.js
[2021-05-12 08:05:11.231] [exthost] [info] ExtensionService#_doActivateExtension vscode.emmet {"startup":false,"extensionId":{"value":"vscode.emmet","_lower":"vscode.emmet"},"activationEvent":"onStartupFinished"}
[2021-05-12 08:05:11.231] [exthost] [info] ExtensionService#loadCommonJSModule file:///opt/visual-studio-code/resources/app/extensions/emmet/dist/node/emmetNodeMain
[2021-05-12 08:05:11.248] [exthost] [info] ExtensionService#_doActivateExtension vscode.merge-conflict {"startup":false,"extensionId":{"value":"vscode.merge-conflict","_lower":"vscode.merge-conflict"},"activationEvent":"onStartupFinished"}
[2021-05-12 08:05:11.248] [exthost] [info] ExtensionService#loadCommonJSModule file:///opt/visual-studio-code/resources/app/extensions/merge-conflict/dist/mergeConflictMain
[2021-05-12 08:05:11.253] [exthost] [info] ExtensionService#_doActivateExtension vscode.testing-editor-contributions {"startup":false,"extensionId":{"value":"vscode.testing-editor-contributions","_lower":"vscode.testing-editor-contributions"},"activationEvent":"onStartupFinished"}
[2021-05-12 08:05:11.253] [exthost] [info] ExtensionService#loadCommonJSModule file:///opt/visual-studio-code/resources/app/extensions/testing-editor-contributions/dist/extension.js
[2021-05-12 08:05:11.358] [exthost] [info] ExtensionService#_doActivateExtension vscode.github-authentication {"startup":false,"extensionId":{"value":"vscode.github-authentication","_lower":"vscode.github-authentication"},"activationEvent":"onAuthenticationRequest:github"}
[2021-05-12 08:05:11.358] [exthost] [info] ExtensionService#loadCommonJSModule file:///opt/visual-studio-code/resources/app/extensions/github-authentication/dist/extension.js
[2021-05-12 08:05:11.718] [exthost] [info] ExtensionService#_doActivateExtension ms-python.vscode-pylance {"startup":false,"extensionId":{"value":"ms-python.vscode-pylance","_lower":"ms-python.vscode-pylance"},"activationEvent":"onLanguage:python"}
[2021-05-12 08:05:11.718] [exthost] [info] ExtensionService#loadCommonJSModule file:///home/phil/.vscode/extensions/ms-python.vscode-pylance-2021.5.1/dist/extension.bundle.js
[2021-05-12 08:05:53.453] [exthost] [error] [ms-python.python] provider FAILED
[2021-05-12 08:05:53.454] [exthost] [error] Canceled: Canceled
	at E.makeCancelError (/home/phil/.vscode/extensions/ms-python.python-2021.5.829140558/out/client/extension.js:9:183478)
	at E.handleFailedRequest (/home/phil/.vscode/extensions/ms-python.python-2021.5.829140558/out/client/extension.js:9:183329)
	at /home/phil/.vscode/extensions/ms-python.python-2021.5.829140558/out/client/extension.js:9:143671
[2021-05-12 09:10:38.937] [exthost] [info] ExtensionService#_doActivateExtension vscode.debug-server-ready {"startup":false,"extensionId":{"value":"vscode.debug-server-ready","_lower":"vscode.debug-server-ready"},"activationEvent":"onDebugResolve"}
[2021-05-12 09:10:38.937] [exthost] [info] ExtensionService#loadCommonJSModule file:///opt/visual-studio-code/resources/app/extensions/debug-server-ready/dist/extension
[2021-05-12 16:54:17.169] [exthost] [error] [ms-python.python] provider FAILED
[2021-05-12 16:54:17.169] [exthost] [error] Canceled: Canceled
	at E.makeCancelError (/home/phil/.vscode/extensions/ms-python.python-2021.5.829140558/out/client/extension.js:9:183478)
	at E.handleFailedRequest (/home/phil/.vscode/extensions/ms-python.python-2021.5.829140558/out/client/extension.js:9:183329)
	at /home/phil/.vscode/extensions/ms-python.python-2021.5.829140558/out/client/extension.js:9:148317
[2021-05-12 23:58:56.601] [exthost] [info] ExtensionService#_doActivateExtension cmschuetz12.wal {"startup":false,"extensionId":{"value":"cmschuetz12.wal","_lower":"cmschuetz12.wal"},"activationEvent":"*"}
[2021-05-12 23:58:56.601] [exthost] [info] ExtensionService#loadCommonJSModule file:///home/phil/.vscode/extensions/cmschuetz12.wal-0.1.0/out/extension
[2021-05-12 23:58:59.085] [exthost] [info] ExtensionService#_doActivateExtension dlasagno.wal-theme {"startup":false,"extensionId":{"value":"dlasagno.wal-theme","_lower":"dlasagno.wal-theme"},"activationEvent":"*"}
[2021-05-12 23:58:59.085] [exthost] [info] ExtensionService#loadCommonJSModule file:///home/phil/.vscode/extensions/dlasagno.wal-theme-1.0.4/out/extension.js
[2021-05-13 00:15:09.419] [exthost] [info] extension host terminating: parent process 5044 does not exist anymore: kill ESRCH (code: ESRCH) (errno: -3)
[2021-05-13 00:15:10.448] [exthost] [info] exiting with code 0
