[2021-05-11 17:34:04.860] [exthost] [info] extension host started
[2021-05-11 17:34:04.929] [exthost] [info] ExtensionService#_doActivateExtension vscode.microsoft-authentication {"startup":false,"extensionId":{"value":"vscode.microsoft-authentication","_lower":"vscode.microsoft-authentication"},"activationEvent":"onAuthenticationRequest:microsoft"}
[2021-05-11 17:34:04.930] [exthost] [info] ExtensionService#loadCommonJSModule file:///opt/visual-studio-code/resources/app/extensions/microsoft-authentication/dist/extension.js
[2021-05-11 17:34:04.938] [exthost] [info] ExtensionService#_doActivateExtension vscode.debug-auto-launch {"startup":true,"extensionId":{"value":"vscode.debug-auto-launch","_lower":"vscode.debug-auto-launch"},"activationEvent":"*"}
[2021-05-11 17:34:04.938] [exthost] [info] ExtensionService#loadCommonJSModule file:///opt/visual-studio-code/resources/app/extensions/debug-auto-launch/dist/extension
[2021-05-11 17:34:04.941] [exthost] [info] ExtensionService#_doActivateExtension vscode.git {"startup":true,"extensionId":{"value":"vscode.github","_lower":"vscode.github"},"activationEvent":"*"}
[2021-05-11 17:34:04.941] [exthost] [info] ExtensionService#loadCommonJSModule file:///opt/visual-studio-code/resources/app/extensions/git/dist/main
[2021-05-11 17:34:04.964] [exthost] [info] ExtensionService#_doActivateExtension TabNine.tabnine-vscode {"startup":true,"extensionId":{"value":"TabNine.tabnine-vscode","_lower":"tabnine.tabnine-vscode"},"activationEvent":"*"}
[2021-05-11 17:34:04.964] [exthost] [info] ExtensionService#loadCommonJSModule file:///home/phil/.vscode/extensions/tabnine.tabnine-vscode-3.4.4/out/extension
[2021-05-11 17:34:05.414] [exthost] [info] ExtensionService#_doActivateExtension vscode.configuration-editing {"startup":false,"extensionId":{"value":"vscode.configuration-editing","_lower":"vscode.configuration-editing"},"activationEvent":"onLanguage:jsonc"}
[2021-05-11 17:34:05.415] [exthost] [info] ExtensionService#loadCommonJSModule file:///opt/visual-studio-code/resources/app/extensions/configuration-editing/dist/configurationEditingMain
[2021-05-11 17:34:05.419] [exthost] [info] ExtensionService#_doActivateExtension vscode.json-language-features {"startup":false,"extensionId":{"value":"vscode.json-language-features","_lower":"vscode.json-language-features"},"activationEvent":"onLanguage:jsonc"}
[2021-05-11 17:34:05.419] [exthost] [info] ExtensionService#loadCommonJSModule file:///opt/visual-studio-code/resources/app/extensions/json-language-features/client/dist/node/jsonClientMain
[2021-05-11 17:34:05.454] [exthost] [info] ExtensionService#_doActivateExtension vscode.typescript-language-features {"startup":false,"extensionId":{"value":"vscode.typescript-language-features","_lower":"vscode.typescript-language-features"},"activationEvent":"onLanguage:jsonc"}
[2021-05-11 17:34:05.454] [exthost] [info] ExtensionService#loadCommonJSModule file:///opt/visual-studio-code/resources/app/extensions/typescript-language-features/dist/extension
[2021-05-11 17:34:05.474] [exthost] [info] ExtensionService#_doActivateExtension vscode.github {"startup":true,"extensionId":{"value":"vscode.github","_lower":"vscode.github"},"activationEvent":"*"}
[2021-05-11 17:34:05.474] [exthost] [info] ExtensionService#loadCommonJSModule file:///opt/visual-studio-code/resources/app/extensions/github/dist/extension.js
[2021-05-11 17:34:05.585] [exthost] [info] eager extensions activated
[2021-05-11 17:34:05.627] [exthost] [info] ExtensionService#_doActivateExtension ms-vscode.js-debug {"startup":false,"extensionId":{"value":"ms-vscode.js-debug","_lower":"ms-vscode.js-debug"},"activationEvent":"onCommand:extension.js-debug.clearAutoAttachVariables"}
[2021-05-11 17:34:05.628] [exthost] [info] ExtensionService#loadCommonJSModule file:///opt/visual-studio-code/resources/app/extensions/ms-vscode.js-debug/src/extension.js
[2021-05-11 17:34:05.815] [exthost] [info] ExtensionService#_doActivateExtension vscode.emmet {"startup":false,"extensionId":{"value":"vscode.emmet","_lower":"vscode.emmet"},"activationEvent":"onStartupFinished"}
[2021-05-11 17:34:05.815] [exthost] [info] ExtensionService#loadCommonJSModule file:///opt/visual-studio-code/resources/app/extensions/emmet/dist/node/emmetNodeMain
[2021-05-11 17:34:05.821] [exthost] [info] ExtensionService#_doActivateExtension vscode.merge-conflict {"startup":false,"extensionId":{"value":"vscode.merge-conflict","_lower":"vscode.merge-conflict"},"activationEvent":"onStartupFinished"}
[2021-05-11 17:34:05.821] [exthost] [info] ExtensionService#loadCommonJSModule file:///opt/visual-studio-code/resources/app/extensions/merge-conflict/dist/mergeConflictMain
[2021-05-11 17:34:05.823] [exthost] [info] ExtensionService#_doActivateExtension vscode.testing-editor-contributions {"startup":false,"extensionId":{"value":"vscode.testing-editor-contributions","_lower":"vscode.testing-editor-contributions"},"activationEvent":"onStartupFinished"}
[2021-05-11 17:34:05.823] [exthost] [info] ExtensionService#loadCommonJSModule file:///opt/visual-studio-code/resources/app/extensions/testing-editor-contributions/dist/extension.js
[2021-05-11 17:34:05.845] [exthost] [info] ExtensionService#_doActivateExtension vscode.github-authentication {"startup":false,"extensionId":{"value":"vscode.github-authentication","_lower":"vscode.github-authentication"},"activationEvent":"onAuthenticationRequest:github"}
[2021-05-11 17:34:05.846] [exthost] [info] ExtensionService#loadCommonJSModule file:///opt/visual-studio-code/resources/app/extensions/github-authentication/dist/extension.js
[2021-05-11 17:34:25.014] [exthost] [info] extension host terminating: received terminate message from renderer
[2021-05-11 17:34:26.027] [exthost] [info] exiting with code 0
[2021-05-11 17:34:27.113] [exthost] [info] extension host started
[2021-05-11 17:34:27.177] [exthost] [info] ExtensionService#_doActivateExtension vscode.microsoft-authentication {"startup":false,"extensionId":{"value":"vscode.microsoft-authentication","_lower":"vscode.microsoft-authentication"},"activationEvent":"onAuthenticationRequest:microsoft"}
[2021-05-11 17:34:27.177] [exthost] [info] ExtensionService#loadCommonJSModule file:///opt/visual-studio-code/resources/app/extensions/microsoft-authentication/dist/extension.js
[2021-05-11 17:34:27.185] [exthost] [info] ExtensionService#_doActivateExtension vscode.debug-auto-launch {"startup":true,"extensionId":{"value":"vscode.debug-auto-launch","_lower":"vscode.debug-auto-launch"},"activationEvent":"*"}
[2021-05-11 17:34:27.185] [exthost] [info] ExtensionService#loadCommonJSModule file:///opt/visual-studio-code/resources/app/extensions/debug-auto-launch/dist/extension
[2021-05-11 17:34:27.187] [exthost] [info] ExtensionService#_doActivateExtension vscode.git {"startup":true,"extensionId":{"value":"vscode.github","_lower":"vscode.github"},"activationEvent":"*"}
[2021-05-11 17:34:27.188] [exthost] [info] ExtensionService#loadCommonJSModule file:///opt/visual-studio-code/resources/app/extensions/git/dist/main
[2021-05-11 17:34:27.204] [exthost] [info] ExtensionService#_doActivateExtension TabNine.tabnine-vscode {"startup":true,"extensionId":{"value":"TabNine.tabnine-vscode","_lower":"tabnine.tabnine-vscode"},"activationEvent":"*"}
[2021-05-11 17:34:27.204] [exthost] [info] ExtensionService#loadCommonJSModule file:///home/phil/.vscode/extensions/tabnine.tabnine-vscode-3.4.4/out/extension
[2021-05-11 17:34:27.487] [exthost] [info] ExtensionService#_doActivateExtension vscode.configuration-editing {"startup":false,"extensionId":{"value":"vscode.configuration-editing","_lower":"vscode.configuration-editing"},"activationEvent":"onLanguage:jsonc"}
[2021-05-11 17:34:27.487] [exthost] [info] ExtensionService#loadCommonJSModule file:///opt/visual-studio-code/resources/app/extensions/configuration-editing/dist/configurationEditingMain
[2021-05-11 17:34:27.497] [exthost] [info] ExtensionService#_doActivateExtension vscode.json-language-features {"startup":false,"extensionId":{"value":"vscode.json-language-features","_lower":"vscode.json-language-features"},"activationEvent":"onLanguage:jsonc"}
[2021-05-11 17:34:27.497] [exthost] [info] ExtensionService#loadCommonJSModule file:///opt/visual-studio-code/resources/app/extensions/json-language-features/client/dist/node/jsonClientMain
[2021-05-11 17:34:27.544] [exthost] [info] ExtensionService#_doActivateExtension vscode.typescript-language-features {"startup":false,"extensionId":{"value":"vscode.typescript-language-features","_lower":"vscode.typescript-language-features"},"activationEvent":"onLanguage:jsonc"}
[2021-05-11 17:34:27.544] [exthost] [info] ExtensionService#loadCommonJSModule file:///opt/visual-studio-code/resources/app/extensions/typescript-language-features/dist/extension
[2021-05-11 17:34:27.577] [exthost] [info] ExtensionService#_doActivateExtension vscode.github {"startup":true,"extensionId":{"value":"vscode.github","_lower":"vscode.github"},"activationEvent":"*"}
[2021-05-11 17:34:27.577] [exthost] [info] ExtensionService#loadCommonJSModule file:///opt/visual-studio-code/resources/app/extensions/github/dist/extension.js
[2021-05-11 17:34:27.622] [exthost] [info] ExtensionService#_doActivateExtension ms-vscode.js-debug {"startup":false,"extensionId":{"value":"ms-vscode.js-debug","_lower":"ms-vscode.js-debug"},"activationEvent":"onCommand:extension.js-debug.clearAutoAttachVariables"}
[2021-05-11 17:34:27.623] [exthost] [info] ExtensionService#loadCommonJSModule file:///opt/visual-studio-code/resources/app/extensions/ms-vscode.js-debug/src/extension.js
[2021-05-11 17:34:27.854] [exthost] [info] eager extensions activated
[2021-05-11 17:34:27.890] [exthost] [info] ExtensionService#_doActivateExtension vscode.emmet {"startup":false,"extensionId":{"value":"vscode.emmet","_lower":"vscode.emmet"},"activationEvent":"onStartupFinished"}
[2021-05-11 17:34:27.890] [exthost] [info] ExtensionService#loadCommonJSModule file:///opt/visual-studio-code/resources/app/extensions/emmet/dist/node/emmetNodeMain
[2021-05-11 17:34:27.898] [exthost] [info] ExtensionService#_doActivateExtension vscode.merge-conflict {"startup":false,"extensionId":{"value":"vscode.merge-conflict","_lower":"vscode.merge-conflict"},"activationEvent":"onStartupFinished"}
[2021-05-11 17:34:27.898] [exthost] [info] ExtensionService#loadCommonJSModule file:///opt/visual-studio-code/resources/app/extensions/merge-conflict/dist/mergeConflictMain
[2021-05-11 17:34:27.909] [exthost] [info] ExtensionService#_doActivateExtension vscode.testing-editor-contributions {"startup":false,"extensionId":{"value":"vscode.testing-editor-contributions","_lower":"vscode.testing-editor-contributions"},"activationEvent":"onStartupFinished"}
[2021-05-11 17:34:27.909] [exthost] [info] ExtensionService#loadCommonJSModule file:///opt/visual-studio-code/resources/app/extensions/testing-editor-contributions/dist/extension.js
[2021-05-11 17:34:27.953] [exthost] [info] ExtensionService#_doActivateExtension vscode.github-authentication {"startup":false,"extensionId":{"value":"vscode.github-authentication","_lower":"vscode.github-authentication"},"activationEvent":"onAuthenticationRequest:github"}
[2021-05-11 17:34:27.954] [exthost] [info] ExtensionService#loadCommonJSModule file:///opt/visual-studio-code/resources/app/extensions/github-authentication/dist/extension.js
[2021-05-11 17:34:29.727] [exthost] [info] ExtensionService#_doActivateExtension KevinRose.vsc-python-indent {"startup":false,"extensionId":{"value":"KevinRose.vsc-python-indent","_lower":"kevinrose.vsc-python-indent"},"activationEvent":"onLanguage:python"}
[2021-05-11 17:34:29.727] [exthost] [info] ExtensionService#loadCommonJSModule file:///home/phil/.vscode/extensions/kevinrose.vsc-python-indent-1.14.2/out/extension.js
[2021-05-11 17:34:29.736] [exthost] [info] ExtensionService#_doActivateExtension ms-toolsai.jupyter {"startup":false,"extensionId":{"value":"ms-toolsai.jupyter","_lower":"ms-toolsai.jupyter"},"activationEvent":"onLanguage:python"}
[2021-05-11 17:34:29.736] [exthost] [info] ExtensionService#loadCommonJSModule file:///home/phil/.vscode/extensions/ms-toolsai.jupyter-2021.6.811652604/out/client/extension
[2021-05-11 17:34:29.886] [exthost] [info] ExtensionService#_doActivateExtension tht13.python {"startup":false,"extensionId":{"value":"tht13.python","_lower":"tht13.python"},"activationEvent":"onLanguage:python"}
[2021-05-11 17:34:29.886] [exthost] [info] ExtensionService#loadCommonJSModule file:///home/phil/.vscode/extensions/tht13.python-0.2.3/out/client/src/pythonMain
[2021-05-11 17:34:30.262] [exthost] [info] ExtensionService#_doActivateExtension ms-python.python {"startup":false,"extensionId":{"value":"ms-python.vscode-pylance","_lower":"ms-python.vscode-pylance"},"activationEvent":"onLanguage:python"}
[2021-05-11 17:34:30.262] [exthost] [info] ExtensionService#loadCommonJSModule file:///home/phil/.vscode/extensions/ms-python.python-2021.5.829140558/out/client/extension
[2021-05-11 17:34:30.778] [exthost] [info] ExtensionService#_doActivateExtension ms-python.vscode-pylance {"startup":false,"extensionId":{"value":"ms-python.vscode-pylance","_lower":"ms-python.vscode-pylance"},"activationEvent":"onLanguage:python"}
[2021-05-11 17:34:30.778] [exthost] [info] ExtensionService#loadCommonJSModule file:///home/phil/.vscode/extensions/ms-python.vscode-pylance-2021.5.1/dist/extension.bundle.js
[2021-05-11 18:03:58.526] [exthost] [error] [ms-python.python] provider FAILED
[2021-05-11 18:03:58.526] [exthost] [error] Canceled: Canceled
	at E.makeCancelError (/home/phil/.vscode/extensions/ms-python.python-2021.5.829140558/out/client/extension.js:9:183478)
	at E.handleFailedRequest (/home/phil/.vscode/extensions/ms-python.python-2021.5.829140558/out/client/extension.js:9:183329)
	at /home/phil/.vscode/extensions/ms-python.python-2021.5.829140558/out/client/extension.js:9:151190
[2021-05-11 18:03:58.565] [exthost] [error] [ms-python.python] provider FAILED
[2021-05-11 18:03:58.566] [exthost] [error] Canceled: Canceled
	at E.makeCancelError (/home/phil/.vscode/extensions/ms-python.python-2021.5.829140558/out/client/extension.js:9:183478)
	at E.handleFailedRequest (/home/phil/.vscode/extensions/ms-python.python-2021.5.829140558/out/client/extension.js:9:183329)
	at /home/phil/.vscode/extensions/ms-python.python-2021.5.829140558/out/client/extension.js:9:151190
[2021-05-11 18:04:31.566] [exthost] [warning] ms-python.python - Code actions of kind 'quickfix 'requested but returned code action is of kind 'refactor.extract'. Code action will be dropped. Please check 'CodeActionContext.only' to only return requested code actions.
[2021-05-11 18:04:41.842] [exthost] [warning] ms-python.python - Code actions of kind 'quickfix 'requested but returned code action is of kind 'refactor.extract'. Code action will be dropped. Please check 'CodeActionContext.only' to only return requested code actions.
[2021-05-11 18:06:10.311] [exthost] [warning] ms-python.python - Code actions of kind 'quickfix 'requested but returned code action is of kind 'refactor.extract'. Code action will be dropped. Please check 'CodeActionContext.only' to only return requested code actions.
[2021-05-11 18:12:25.845] [exthost] [error] [ms-python.python] provider FAILED
[2021-05-11 18:12:25.845] [exthost] [error] Canceled: Canceled
	at E.makeCancelError (/home/phil/.vscode/extensions/ms-python.python-2021.5.829140558/out/client/extension.js:9:183478)
	at E.handleFailedRequest (/home/phil/.vscode/extensions/ms-python.python-2021.5.829140558/out/client/extension.js:9:183329)
	at /home/phil/.vscode/extensions/ms-python.python-2021.5.829140558/out/client/extension.js:9:151190
[2021-05-11 20:18:30.057] [exthost] [error] [ms-python.python] provider FAILED
[2021-05-11 20:18:30.057] [exthost] [error] Canceled: Canceled
	at E.makeCancelError (/home/phil/.vscode/extensions/ms-python.python-2021.5.829140558/out/client/extension.js:9:183478)
	at E.handleFailedRequest (/home/phil/.vscode/extensions/ms-python.python-2021.5.829140558/out/client/extension.js:9:183329)
	at /home/phil/.vscode/extensions/ms-python.python-2021.5.829140558/out/client/extension.js:9:142879
	at async M.resolveCompletionItem (/opt/visual-studio-code/resources/app/out/vs/workbench/services/extensions/node/extensionHostProcess.js:87:172799)
[2021-05-11 20:23:07.566] [exthost] [warning] ms-python.python - Code actions of kind 'quickfix 'requested but returned code action is of kind 'refactor.extract'. Code action will be dropped. Please check 'CodeActionContext.only' to only return requested code actions.
[2021-05-11 20:23:07.566] [exthost] [warning] ms-python.python - Code actions of kind 'quickfix 'requested but returned code action is of kind 'refactor.extract'. Code action will be dropped. Please check 'CodeActionContext.only' to only return requested code actions.
[2021-05-11 20:23:51.280] [exthost] [error] [ms-python.python] provider FAILED
[2021-05-11 20:23:51.280] [exthost] [error] Canceled: Canceled
	at E.makeCancelError (/home/phil/.vscode/extensions/ms-python.python-2021.5.829140558/out/client/extension.js:9:183478)
	at E.handleFailedRequest (/home/phil/.vscode/extensions/ms-python.python-2021.5.829140558/out/client/extension.js:9:183329)
	at /home/phil/.vscode/extensions/ms-python.python-2021.5.829140558/out/client/extension.js:9:151190
[2021-05-11 20:32:22.512] [exthost] [error] [ms-python.python] provider FAILED
[2021-05-11 20:32:22.512] [exthost] [error] Canceled: Canceled
	at E.makeCancelError (/home/phil/.vscode/extensions/ms-python.python-2021.5.829140558/out/client/extension.js:9:183478)
	at E.handleFailedRequest (/home/phil/.vscode/extensions/ms-python.python-2021.5.829140558/out/client/extension.js:9:183329)
	at /home/phil/.vscode/extensions/ms-python.python-2021.5.829140558/out/client/extension.js:9:151190
[2021-05-11 20:32:29.243] [exthost] [warning] ms-python.python - Code actions of kind 'quickfix 'requested but returned code action is of kind 'refactor.extract'. Code action will be dropped. Please check 'CodeActionContext.only' to only return requested code actions.
[2021-05-11 20:32:29.243] [exthost] [warning] ms-python.python - Code actions of kind 'quickfix 'requested but returned code action is of kind 'refactor.extract'. Code action will be dropped. Please check 'CodeActionContext.only' to only return requested code actions.
[2021-05-11 20:33:10.620] [exthost] [warning] ms-python.python - Code actions of kind 'quickfix 'requested but returned code action is of kind 'refactor.extract'. Code action will be dropped. Please check 'CodeActionContext.only' to only return requested code actions.
[2021-05-11 20:33:10.620] [exthost] [warning] ms-python.python - Code actions of kind 'quickfix 'requested but returned code action is of kind 'refactor.extract'. Code action will be dropped. Please check 'CodeActionContext.only' to only return requested code actions.
[2021-05-11 20:33:31.121] [exthost] [warning] Edits from command pythonIndent.newlineAndIndent were not applied.
[2021-05-11 20:33:39.877] [exthost] [warning] ms-python.python - Code actions of kind 'quickfix 'requested but returned code action is of kind 'refactor.extract'. Code action will be dropped. Please check 'CodeActionContext.only' to only return requested code actions.
[2021-05-11 20:33:39.877] [exthost] [warning] ms-python.python - Code actions of kind 'quickfix 'requested but returned code action is of kind 'refactor.extract'. Code action will be dropped. Please check 'CodeActionContext.only' to only return requested code actions.
[2021-05-11 20:33:48.280] [exthost] [warning] ms-python.python - Code actions of kind 'quickfix 'requested but returned code action is of kind 'refactor.extract'. Code action will be dropped. Please check 'CodeActionContext.only' to only return requested code actions.
[2021-05-11 20:33:48.280] [exthost] [warning] ms-python.python - Code actions of kind 'quickfix 'requested but returned code action is of kind 'refactor.extract'. Code action will be dropped. Please check 'CodeActionContext.only' to only return requested code actions.
[2021-05-11 20:40:40.326] [exthost] [error] [ms-python.python] provider FAILED
[2021-05-11 20:40:40.326] [exthost] [error] Canceled: Canceled
	at E.makeCancelError (/home/phil/.vscode/extensions/ms-python.python-2021.5.829140558/out/client/extension.js:9:183478)
	at E.handleFailedRequest (/home/phil/.vscode/extensions/ms-python.python-2021.5.829140558/out/client/extension.js:9:183329)
	at /home/phil/.vscode/extensions/ms-python.python-2021.5.829140558/out/client/extension.js:9:151190
[2021-05-11 21:00:50.233] [exthost] [warning] Edits from command pythonIndent.newlineAndIndent were not applied.
[2021-05-11 21:00:59.678] [exthost] [error] [ms-python.python] provider FAILED
[2021-05-11 21:00:59.678] [exthost] [error] Canceled: Canceled
	at E.makeCancelError (/home/phil/.vscode/extensions/ms-python.python-2021.5.829140558/out/client/extension.js:9:183478)
	at E.handleFailedRequest (/home/phil/.vscode/extensions/ms-python.python-2021.5.829140558/out/client/extension.js:9:183329)
	at /home/phil/.vscode/extensions/ms-python.python-2021.5.829140558/out/client/extension.js:9:151190
[2021-05-11 21:01:13.942] [exthost] [warning] ms-python.python - Code actions of kind 'quickfix 'requested but returned code action is of kind 'refactor.extract'. Code action will be dropped. Please check 'CodeActionContext.only' to only return requested code actions.
[2021-05-11 21:12:10.744] [exthost] [error] [ms-python.python] provider FAILED
[2021-05-11 21:12:10.744] [exthost] [error] Canceled: Canceled
	at E.makeCancelError (/home/phil/.vscode/extensions/ms-python.python-2021.5.829140558/out/client/extension.js:9:183478)
	at E.handleFailedRequest (/home/phil/.vscode/extensions/ms-python.python-2021.5.829140558/out/client/extension.js:9:183329)
	at /home/phil/.vscode/extensions/ms-python.python-2021.5.829140558/out/client/extension.js:9:142879
	at async M.resolveCompletionItem (/opt/visual-studio-code/resources/app/out/vs/workbench/services/extensions/node/extensionHostProcess.js:87:172799)
[2021-05-11 21:12:28.912] [exthost] [warning] ms-python.python - Code actions of kind 'quickfix 'requested but returned code action is of kind 'refactor.extract'. Code action will be dropped. Please check 'CodeActionContext.only' to only return requested code actions.
